2020-05-04 23:06:55.080  INFO 101548 --- [restartedMain] com.watermelon.DemoApplication           : Starting DemoApplication on LAPTOP-60I60B2I with PID 101548 (started by Watermelon in D:\部分文件\课程内容\软件工程\project\Teaching-quality-assessment-management-system)
2020-05-04 23:06:55.086  INFO 101548 --- [restartedMain] com.watermelon.DemoApplication           : No active profile set, falling back to default profiles: default
2020-05-04 23:06:55.173  INFO 101548 --- [restartedMain] .e.DevToolsPropertyDefaultsPostProcessor : Devtools property defaults active! Set 'spring.devtools.add-properties' to 'false' to disable
2020-05-04 23:06:55.173  INFO 101548 --- [restartedMain] .e.DevToolsPropertyDefaultsPostProcessor : For additional web related logging consider setting the 'logging.level.web' property to 'DEBUG'
2020-05-04 23:06:57.037  INFO 101548 --- [restartedMain] trationDelegate$BeanPostProcessorChecker : Bean 'org.springframework.transaction.annotation.ProxyTransactionManagementConfiguration' of type [org.springframework.transaction.annotation.ProxyTransactionManagementConfiguration] is not eligible for getting processed by all BeanPostProcessors (for example: not eligible for auto-proxying)
2020-05-04 23:06:57.138  INFO 101548 --- [restartedMain] trationDelegate$BeanPostProcessorChecker : Bean 'shiroConfig' of type [com.watermelon.config.ShiroConfig$$EnhancerBySpringCGLIB$$f7e9d99d] is not eligible for getting processed by all BeanPostProcessors (for example: not eligible for auto-proxying)
2020-05-04 23:06:57.162  INFO 101548 --- [restartedMain] trationDelegate$BeanPostProcessorChecker : Bean 'hashedCredentialsMatcher' of type [org.apache.shiro.authc.credential.HashedCredentialsMatcher] is not eligible for getting processed by all BeanPostProcessors (for example: not eligible for auto-proxying)
2020-05-04 23:06:57.322  INFO 101548 --- [restartedMain] trationDelegate$BeanPostProcessorChecker : Bean 'mybatis-org.mybatis.spring.boot.autoconfigure.MybatisProperties' of type [org.mybatis.spring.boot.autoconfigure.MybatisProperties] is not eligible for getting processed by all BeanPostProcessors (for example: not eligible for auto-proxying)
2020-05-04 23:06:57.347  INFO 101548 --- [restartedMain] trationDelegate$BeanPostProcessorChecker : Bean 'org.mybatis.spring.boot.autoconfigure.MybatisAutoConfiguration' of type [org.mybatis.spring.boot.autoconfigure.MybatisAutoConfiguration$$EnhancerBySpringCGLIB$$4663029c] is not eligible for getting processed by all BeanPostProcessors (for example: not eligible for auto-proxying)
2020-05-04 23:06:57.357  INFO 101548 --- [restartedMain] trationDelegate$BeanPostProcessorChecker : Bean 'druidConfig' of type [com.watermelon.config.DruidConfig$$EnhancerBySpringCGLIB$$4c903d0e] is not eligible for getting processed by all BeanPostProcessors (for example: not eligible for auto-proxying)
2020-05-04 23:06:57.455  INFO 101548 --- [restartedMain] trationDelegate$BeanPostProcessorChecker : Bean 'druidDataSource' of type [com.alibaba.druid.pool.DruidDataSource] is not eligible for getting processed by all BeanPostProcessors (for example: not eligible for auto-proxying)
2020-05-04 23:06:57.582  INFO 101548 --- [restartedMain] trationDelegate$BeanPostProcessorChecker : Bean 'spring.datasource-org.springframework.boot.autoconfigure.jdbc.DataSourceProperties' of type [org.springframework.boot.autoconfigure.jdbc.DataSourceProperties] is not eligible for getting processed by all BeanPostProcessors (for example: not eligible for auto-proxying)
2020-05-04 23:06:57.593  INFO 101548 --- [restartedMain] trationDelegate$BeanPostProcessorChecker : Bean 'org.springframework.boot.autoconfigure.jdbc.DataSourceInitializerInvoker' of type [org.springframework.boot.autoconfigure.jdbc.DataSourceInitializerInvoker] is not eligible for getting processed by all BeanPostProcessors (for example: not eligible for auto-proxying)
2020-05-04 23:06:57.883  INFO 101548 --- [restartedMain] trationDelegate$BeanPostProcessorChecker : Bean 'sqlSessionFactory' of type [org.apache.ibatis.session.defaults.DefaultSqlSessionFactory] is not eligible for getting processed by all BeanPostProcessors (for example: not eligible for auto-proxying)
2020-05-04 23:06:57.894  INFO 101548 --- [restartedMain] trationDelegate$BeanPostProcessorChecker : Bean 'sqlSessionTemplate' of type [org.mybatis.spring.SqlSessionTemplate] is not eligible for getting processed by all BeanPostProcessors (for example: not eligible for auto-proxying)
2020-05-04 23:06:57.904  INFO 101548 --- [restartedMain] trationDelegate$BeanPostProcessorChecker : Bean 'userMapper' of type [org.mybatis.spring.mapper.MapperFactoryBean] is not eligible for getting processed by all BeanPostProcessors (for example: not eligible for auto-proxying)
2020-05-04 23:06:57.913  INFO 101548 --- [restartedMain] trationDelegate$BeanPostProcessorChecker : Bean 'userMapper' of type [com.sun.proxy.$Proxy84] is not eligible for getting processed by all BeanPostProcessors (for example: not eligible for auto-proxying)
2020-05-04 23:06:57.918  INFO 101548 --- [restartedMain] trationDelegate$BeanPostProcessorChecker : Bean 'userServiceImpl' of type [com.watermelon.service.UserServiceImpl] is not eligible for getting processed by all BeanPostProcessors (for example: not eligible for auto-proxying)
2020-05-04 23:06:57.924  INFO 101548 --- [restartedMain] trationDelegate$BeanPostProcessorChecker : Bean 'roleMapper' of type [org.mybatis.spring.mapper.MapperFactoryBean] is not eligible for getting processed by all BeanPostProcessors (for example: not eligible for auto-proxying)
2020-05-04 23:06:57.925  INFO 101548 --- [restartedMain] trationDelegate$BeanPostProcessorChecker : Bean 'roleMapper' of type [com.sun.proxy.$Proxy86] is not eligible for getting processed by all BeanPostProcessors (for example: not eligible for auto-proxying)
2020-05-04 23:06:57.932  INFO 101548 --- [restartedMain] trationDelegate$BeanPostProcessorChecker : Bean 'permissionMapper' of type [org.mybatis.spring.mapper.MapperFactoryBean] is not eligible for getting processed by all BeanPostProcessors (for example: not eligible for auto-proxying)
2020-05-04 23:06:57.933  INFO 101548 --- [restartedMain] trationDelegate$BeanPostProcessorChecker : Bean 'permissionMapper' of type [com.sun.proxy.$Proxy88] is not eligible for getting processed by all BeanPostProcessors (for example: not eligible for auto-proxying)
2020-05-04 23:06:57.938  INFO 101548 --- [restartedMain] trationDelegate$BeanPostProcessorChecker : Bean 'roleServiceImpl' of type [com.watermelon.service.RoleServiceImpl] is not eligible for getting processed by all BeanPostProcessors (for example: not eligible for auto-proxying)
2020-05-04 23:06:57.943  INFO 101548 --- [restartedMain] trationDelegate$BeanPostProcessorChecker : Bean 'userRealm' of type [com.watermelon.config.UserRealm] is not eligible for getting processed by all BeanPostProcessors (for example: not eligible for auto-proxying)
2020-05-04 23:06:59.479  INFO 101548 --- [restartedMain] trationDelegate$BeanPostProcessorChecker : Bean 'securityManager' of type [org.apache.shiro.web.mgt.DefaultWebSecurityManager] is not eligible for getting processed by all BeanPostProcessors (for example: not eligible for auto-proxying)
2020-05-04 23:06:59.915  INFO 101548 --- [restartedMain] o.s.b.w.embedded.tomcat.TomcatWebServer  : Tomcat initialized with port(s): 8080 (http)
2020-05-04 23:06:59.925  INFO 101548 --- [restartedMain] o.apache.catalina.core.StandardService   : Starting service [Tomcat]
2020-05-04 23:06:59.926  INFO 101548 --- [restartedMain] org.apache.catalina.core.StandardEngine  : Starting Servlet engine: [Apache Tomcat/9.0.29]
2020-05-04 23:06:59.929  INFO 101548 --- [restartedMain] o.a.catalina.core.AprLifecycleListener   : Loaded APR based Apache Tomcat Native library [1.2.23] using APR version [1.7.0].
2020-05-04 23:06:59.929  INFO 101548 --- [restartedMain] o.a.catalina.core.AprLifecycleListener   : APR capabilities: IPv6 [true], sendfile [true], accept filters [false], random [true].
2020-05-04 23:06:59.930  INFO 101548 --- [restartedMain] o.a.catalina.core.AprLifecycleListener   : APR/OpenSSL configuration: useAprConnector [false], useOpenSSL [true]
2020-05-04 23:06:59.935  INFO 101548 --- [restartedMain] o.a.catalina.core.AprLifecycleListener   : OpenSSL successfully initialized [OpenSSL 1.1.1c  28 May 2019]
2020-05-04 23:07:00.046  INFO 101548 --- [restartedMain] o.a.c.c.C.[Tomcat].[localhost].[/]       : Initializing Spring embedded WebApplicationContext
2020-05-04 23:07:00.047  INFO 101548 --- [restartedMain] o.s.web.context.ContextLoader            : Root WebApplicationContext: initialization completed in 4865 ms
2020-05-04 23:07:01.120  INFO 101548 --- [restartedMain] pertySourcedRequestMappingHandlerMapping : Mapped URL path [/v2/api-docs] onto method [springfox.documentation.swagger2.web.Swagger2Controller#getDocumentation(String, HttpServletRequest)]
2020-05-04 23:07:01.470  INFO 101548 --- [restartedMain] o.s.s.concurrent.ThreadPoolTaskExecutor  : Initializing ExecutorService 'applicationTaskExecutor'
2020-05-04 23:07:01.563  INFO 101548 --- [restartedMain] o.s.b.d.a.OptionalLiveReloadServer       : LiveReload server is running on port 35729
2020-05-04 23:07:01.621  INFO 101548 --- [restartedMain] o.s.b.a.w.s.WelcomePageHandlerMapping    : Adding welcome page template: index
2020-05-04 23:07:02.081  INFO 101548 --- [restartedMain] d.s.w.p.DocumentationPluginsBootstrapper : Context refreshed
2020-05-04 23:07:02.102  INFO 101548 --- [restartedMain] d.s.w.p.DocumentationPluginsBootstrapper : Found 1 custom documentation plugin(s)
2020-05-04 23:07:02.138  INFO 101548 --- [restartedMain] s.d.s.w.s.ApiListingReferenceScanner     : Scanning for api listing references
2020-05-04 23:07:02.495  INFO 101548 --- [restartedMain] o.s.b.w.embedded.tomcat.TomcatWebServer  : Tomcat started on port(s): 8080 (http) with context path ''
2020-05-04 23:07:02.499  INFO 101548 --- [restartedMain] com.watermelon.DemoApplication           : Started DemoApplication in 8.368 seconds (JVM running for 10.651)
2020-05-04 23:07:09.614  INFO 101548 --- [http-nio-8080-exec-1] o.a.c.c.C.[Tomcat].[localhost].[/]       : Initializing Spring DispatcherServlet 'dispatcherServlet'
2020-05-04 23:07:09.614  INFO 101548 --- [http-nio-8080-exec-1] o.s.web.servlet.DispatcherServlet        : Initializing Servlet 'dispatcherServlet'
2020-05-04 23:07:09.635  INFO 101548 --- [http-nio-8080-exec-1] o.s.web.servlet.DispatcherServlet        : Completed initialization in 20 ms
2020-05-04 23:07:09.712  INFO 101548 --- [http-nio-8080-exec-1] gConfig$$EnhancerBySpringCGLIB$$32e66250 : ------------before method invoke--------------
2020-05-04 23:07:09.716  INFO 101548 --- [http-nio-8080-exec-1] gConfig$$EnhancerBySpringCGLIB$$32e66250 : request : Log(ip=0:0:0:0:0:0:0:1, url=http://localhost:8080/, classMethod=com.watermelon.controller.IndexController.index, args=[])
2020-05-04 23:07:09.726  INFO 101548 --- [http-nio-8080-exec-1] gConfig$$EnhancerBySpringCGLIB$$32e66250 : ------------after method invoke--------------
2020-05-04 23:07:09.726  INFO 101548 --- [http-nio-8080-exec-1] gConfig$$EnhancerBySpringCGLIB$$32e66250 : ------------after return--------------
2020-05-04 23:07:09.726  INFO 101548 --- [http-nio-8080-exec-1] gConfig$$EnhancerBySpringCGLIB$$32e66250 : result : index
2020-05-04 23:07:16.263  INFO 101548 --- [http-nio-8080-exec-3] gConfig$$EnhancerBySpringCGLIB$$32e66250 : ------------before method invoke--------------
2020-05-04 23:07:16.264  INFO 101548 --- [http-nio-8080-exec-3] gConfig$$EnhancerBySpringCGLIB$$32e66250 : request : Log(ip=0:0:0:0:0:0:0:1, url=http://localhost:8080/toLogin;jsessionid=774AD771C23486E42E7E41FD2D6C2FE2, classMethod=com.watermelon.controller.IndexController.toLogin, args=[])
2020-05-04 23:07:16.264  INFO 101548 --- [http-nio-8080-exec-3] gConfig$$EnhancerBySpringCGLIB$$32e66250 : ------------after method invoke--------------
2020-05-04 23:07:16.265  INFO 101548 --- [http-nio-8080-exec-3] gConfig$$EnhancerBySpringCGLIB$$32e66250 : ------------after return--------------
2020-05-04 23:07:16.265  INFO 101548 --- [http-nio-8080-exec-3] gConfig$$EnhancerBySpringCGLIB$$32e66250 : result : login
2020-05-04 23:07:20.992  INFO 101548 --- [http-nio-8080-exec-6] gConfig$$EnhancerBySpringCGLIB$$32e66250 : ------------before method invoke--------------
2020-05-04 23:07:20.992  INFO 101548 --- [http-nio-8080-exec-6] gConfig$$EnhancerBySpringCGLIB$$32e66250 : request : Log(ip=0:0:0:0:0:0:0:1, url=http://localhost:8080/login, classMethod=com.watermelon.controller.IndexController.login, args=[小黑, 123, {}])
2020-05-04 23:07:21.830  INFO 101548 --- [http-nio-8080-exec-6] com.alibaba.druid.pool.DruidDataSource   : {dataSource-1} inited
2020-05-04 23:07:22.178  INFO 101548 --- [http-nio-8080-exec-6] gConfig$$EnhancerBySpringCGLIB$$32e66250 : ------------after method invoke--------------
2020-05-04 23:07:22.179  INFO 101548 --- [http-nio-8080-exec-6] gConfig$$EnhancerBySpringCGLIB$$32e66250 : ------------after return--------------
2020-05-04 23:07:22.180  INFO 101548 --- [http-nio-8080-exec-6] gConfig$$EnhancerBySpringCGLIB$$32e66250 : result : index
2020-05-04 23:07:25.043  INFO 101548 --- [http-nio-8080-exec-8] gConfig$$EnhancerBySpringCGLIB$$32e66250 : ------------before method invoke--------------
2020-05-04 23:07:25.043  INFO 101548 --- [http-nio-8080-exec-8] gConfig$$EnhancerBySpringCGLIB$$32e66250 : request : Log(ip=0:0:0:0:0:0:0:1, url=http://localhost:8080/noAuth, classMethod=com.watermelon.controller.IndexController.noAuth, args=[])
2020-05-04 23:07:25.043  INFO 101548 --- [http-nio-8080-exec-8] gConfig$$EnhancerBySpringCGLIB$$32e66250 : ------------after method invoke--------------
2020-05-04 23:07:25.044  INFO 101548 --- [http-nio-8080-exec-8] gConfig$$EnhancerBySpringCGLIB$$32e66250 : ------------after return--------------
2020-05-04 23:07:25.044  INFO 101548 --- [http-nio-8080-exec-8] gConfig$$EnhancerBySpringCGLIB$$32e66250 : result : 未经授权，无法访问该页面！
2020-05-04 23:07:27.422  INFO 101548 --- [http-nio-8080-exec-9] gConfig$$EnhancerBySpringCGLIB$$32e66250 : ------------before method invoke--------------
2020-05-04 23:07:27.424  INFO 101548 --- [http-nio-8080-exec-9] gConfig$$EnhancerBySpringCGLIB$$32e66250 : request : Log(ip=0:0:0:0:0:0:0:1, url=http://localhost:8080/user/view, classMethod=com.watermelon.controller.UserController.view, args=[])
2020-05-04 23:07:27.442  INFO 101548 --- [http-nio-8080-exec-9] gConfig$$EnhancerBySpringCGLIB$$32e66250 : ------------after method invoke--------------
2020-05-04 23:07:27.442  INFO 101548 --- [http-nio-8080-exec-9] gConfig$$EnhancerBySpringCGLIB$$32e66250 : ------------after return--------------
2020-05-04 23:07:27.443  INFO 101548 --- [http-nio-8080-exec-9] gConfig$$EnhancerBySpringCGLIB$$32e66250 : result : /user/view
